<?xml version="1.0" encoding="UTF-8"?>
<!-- Generated by org.testng.reporters.JUnitXMLReporter -->
<testsuite hostname="vensakp51" name="TestNG Execution using Package name" tests="5" failures="0" timestamp="3 Jun 2016 06:38:55 GMT" time="19.71" errors="0">
  <testcase name="readDataFromCSVFile" time="0.016" classname="TestCases.Read_CSV_FileUsingJava"/>
  <testcase name="setJDBCConnection" time="0.171" classname="jdbcPrograms.ConnectJDBC"/>
  <testcase name="testUtilities" time="0.008" classname="TestCases.UtilityClassesExamples"/>
  <testcase name="verifyToolTipText_Case1" time="1.902" classname="TestCases.verifyToolTipExample"/>
  <testcase name="verifyToolTipText_Case2" time="8.448" classname="TestCases.verifyToolTipExample"/>
</testsuite> <!-- TestNG Execution using Package name -->
