<?xml version="1.0" encoding="UTF-8"?>
<!-- Generated by org.testng.reporters.JUnitXMLReporter -->
<testsuite hostname="vensakp51" name="TestNG Execution using Package name" tests="4" failures="1" timestamp="2 Jun 2016 09:55:00 GMT" time="20.367" errors="0">
  <testcase name="readDataFromCSVFile" time="0.01" classname="TestCases.Read_CSV_FileUsingJava"/>
  <testcase name="testUtilities" time="0.01" classname="TestCases.UtilityClassesExamples"/>
  <testcase name="verifyToolTipText_Case1" time="3.015" classname="TestCases.verifyToolTipExample"/>
  <testcase name="verifyToolTipText_Case2" time="7.84" classname="TestCases.verifyToolTipExample">
    <failure type="org.junit.ComparisonFailure" message="expected:&amp;lt;[]&amp;gt; but was:&amp;lt;[We ask for your age only for statistical purposes.]&amp;gt;">
      <![CDATA[org.junit.ComparisonFailure: expected:<[]> but was:<[We ask for your age only for statistical purposes.]>
	at org.junit.Assert.assertEquals(Assert.java:115)
	at org.junit.Assert.assertEquals(Assert.java:144)
	at TestCases.verifyToolTipExample.verifyToolTipText_Case2(verifyToolTipExample.java:88)
... Removed 25 stack frames]]>
    </failure>
  </testcase> <!-- verifyToolTipText_Case2 -->
</testsuite> <!-- TestNG Execution using Package name -->
