<?xml version="1.0" encoding="UTF-8"?>
<testng-results skipped="2" failed="0" total="2" passed="0">
  <reporter-output>
    <line>
      <![CDATA[2016-06-22 11:32:28.373 :: <-------- Started the TestCase execution - verifyToolTipExample. --------><br />]]>
    </line>
    <line>
      <![CDATA[2016-06-22 11:32:28.38 :: Launch the Firefox browser.<br />]]>
    </line>
    <line>
      <![CDATA[2016-06-22 11:32:28.381 :: Launch the Chrome browser.<br />]]>
    </line>
  </reporter-output>
  <suite name="Suite" duration-ms="62488" started-at="2016-06-22T06:02:28Z" finished-at="2016-06-22T06:03:30Z">
    <groups>
      <group name="TestNG Tests">
        <method signature="verifyToolTipExample.verifyToolTipText_Case1()[pri:1, instance:TestCases.verifyToolTipExample@523884b2]" name="verifyToolTipText_Case1" class="TestCases.verifyToolTipExample"/>
        <method signature="verifyToolTipExample.verifyToolTipText_Case2()[pri:2, instance:TestCases.verifyToolTipExample@523884b2]" name="verifyToolTipText_Case2" class="TestCases.verifyToolTipExample"/>
      </group> <!-- TestNG Tests -->
    </groups>
    <test name="verifyToolTipExample.xml" duration-ms="62488" started-at="2016-06-22T06:02:28Z" finished-at="2016-06-22T06:03:30Z">
      <class name="TestCases.verifyToolTipExample">
        <test-method status="FAIL" signature="launchWebPage()[pri:0, instance:TestCases.verifyToolTipExample@523884b2]" name="launchWebPage" is-config="true" duration-ms="0" started-at="2016-06-22T11:32:28Z" finished-at="2016-06-22T11:32:28Z">
          <exception class="org.openqa.selenium.WebDriverException">
            <message>
              <![CDATA[unknown error: unable to discover open pages
  (Driver info: chromedriver=2.21.371459 (36d3d07f660ff2bc1bf28a75d1cdabed0983e7c4),platform=Windows NT 6.1 SP1 x86_64) (WARNING: The server did not provide any stacktrace information)
Command duration or timeout: 60.82 seconds
Build info: version: '2.53.0', revision: '35ae25b1534ae328c771e0856c93e187490ca824', time: '2016-03-15 10:43:46'
System info: host: 'vensakp51', ip: '192.168.8.126', os.name: 'Windows 7', os.arch: 'amd64', os.version: '6.1', java.version: '1.8.0_91'
Driver info: org.openqa.selenium.chrome.ChromeDriver]]>
            </message>
            <full-stacktrace>
              <![CDATA[org.openqa.selenium.WebDriverException: unknown error: unable to discover open pages
  (Driver info: chromedriver=2.21.371459 (36d3d07f660ff2bc1bf28a75d1cdabed0983e7c4),platform=Windows NT 6.1 SP1 x86_64) (WARNING: The server did not provide any stacktrace information)
Command duration or timeout: 60.82 seconds
Build info: version: '2.53.0', revision: '35ae25b1534ae328c771e0856c93e187490ca824', time: '2016-03-15 10:43:46'
System info: host: 'vensakp51', ip: '192.168.8.126', os.name: 'Windows 7', os.arch: 'amd64', os.version: '6.1', java.version: '1.8.0_91'
Driver info: org.openqa.selenium.chrome.ChromeDriver
	at sun.reflect.NativeConstructorAccessorImpl.newInstance0(Native Method)
	at sun.reflect.NativeConstructorAccessorImpl.newInstance(NativeConstructorAccessorImpl.java:62)
	at sun.reflect.DelegatingConstructorAccessorImpl.newInstance(DelegatingConstructorAccessorImpl.java:45)
	at java.lang.reflect.Constructor.newInstance(Constructor.java:423)
	at org.openqa.selenium.remote.ErrorHandler.createThrowable(ErrorHandler.java:206)
	at org.openqa.selenium.remote.ErrorHandler.throwIfResponseFailed(ErrorHandler.java:158)
	at org.openqa.selenium.remote.RemoteWebDriver.execute(RemoteWebDriver.java:678)
	at org.openqa.selenium.remote.RemoteWebDriver.startSession(RemoteWebDriver.java:249)
	at org.openqa.selenium.remote.RemoteWebDriver.<init>(RemoteWebDriver.java:131)
	at org.openqa.selenium.remote.RemoteWebDriver.<init>(RemoteWebDriver.java:144)
	at org.openqa.selenium.chrome.ChromeDriver.<init>(ChromeDriver.java:170)
	at org.openqa.selenium.chrome.ChromeDriver.<init>(ChromeDriver.java:159)
	at org.openqa.selenium.chrome.ChromeDriver.<init>(ChromeDriver.java:116)
	at TestCases.verifyToolTipExample.launchWebPage(verifyToolTipExample.java:37)
	at sun.reflect.NativeMethodAccessorImpl.invoke0(Native Method)
	at sun.reflect.NativeMethodAccessorImpl.invoke(NativeMethodAccessorImpl.java:62)
	at sun.reflect.DelegatingMethodAccessorImpl.invoke(DelegatingMethodAccessorImpl.java:43)
	at java.lang.reflect.Method.invoke(Method.java:498)
	at org.testng.internal.MethodInvocationHelper.invokeMethod(MethodInvocationHelper.java:86)
	at org.testng.internal.Invoker.invokeConfigurationMethod(Invoker.java:514)
	at org.testng.internal.Invoker.invokeConfigurations(Invoker.java:215)
	at org.testng.internal.Invoker.invokeMethod(Invoker.java:589)
	at org.testng.internal.Invoker.invokeTestMethod(Invoker.java:820)
	at org.testng.internal.Invoker.invokeTestMethods(Invoker.java:1128)
	at org.testng.internal.TestMethodWorker.invokeTestMethods(TestMethodWorker.java:129)
	at org.testng.internal.TestMethodWorker.run(TestMethodWorker.java:112)
	at org.testng.TestRunner.privateRun(TestRunner.java:782)
	at org.testng.TestRunner.run(TestRunner.java:632)
	at org.testng.SuiteRunner.runTest(SuiteRunner.java:366)
	at org.testng.SuiteRunner.runSequentially(SuiteRunner.java:361)
	at org.testng.SuiteRunner.privateRun(SuiteRunner.java:319)
	at org.testng.SuiteRunner.run(SuiteRunner.java:268)
	at org.testng.SuiteRunnerWorker.runSuite(SuiteRunnerWorker.java:52)
	at org.testng.SuiteRunnerWorker.run(SuiteRunnerWorker.java:86)
	at org.testng.TestNG.runSuitesSequentially(TestNG.java:1244)
	at org.testng.TestNG.runSuitesLocally(TestNG.java:1169)
	at org.testng.TestNG.run(TestNG.java:1064)
	at org.apache.maven.surefire.testng.TestNGExecutor.run(TestNGExecutor.java:178)
	at org.apache.maven.surefire.testng.TestNGXmlTestSuite.execute(TestNGXmlTestSuite.java:92)
	at org.apache.maven.surefire.testng.TestNGProvider.invoke(TestNGProvider.java:96)
	at sun.reflect.NativeMethodAccessorImpl.invoke0(Native Method)
	at sun.reflect.NativeMethodAccessorImpl.invoke(NativeMethodAccessorImpl.java:62)
	at sun.reflect.DelegatingMethodAccessorImpl.invoke(DelegatingMethodAccessorImpl.java:43)
	at java.lang.reflect.Method.invoke(Method.java:498)
	at org.apache.maven.surefire.util.ReflectionUtils.invokeMethodWithArray2(ReflectionUtils.java:208)
	at org.apache.maven.surefire.booter.ProviderFactory$ProviderProxy.invoke(ProviderFactory.java:159)
	at org.apache.maven.surefire.booter.ProviderFactory.invokeProvider(ProviderFactory.java:87)
	at org.apache.maven.surefire.booter.ForkedBooter.runSuitesInProcess(ForkedBooter.java:153)
	at org.apache.maven.surefire.booter.ForkedBooter.main(ForkedBooter.java:95)
]]>
            </full-stacktrace>
          </exception> <!-- org.openqa.selenium.WebDriverException -->
          <reporter-output>
            <line>
              <![CDATA[2016-06-22 11:32:28.373 :: <-------- Started the TestCase execution - verifyToolTipExample. --------><br />]]>
            </line>
            <line>
              <![CDATA[2016-06-22 11:32:28.38 :: Launch the Firefox browser.<br />]]>
            </line>
            <line>
              <![CDATA[2016-06-22 11:32:28.381 :: Launch the Chrome browser.<br />]]>
            </line>
          </reporter-output>
        </test-method> <!-- launchWebPage -->
        <test-method status="SKIP" signature="verifyToolTipText_Case1()[pri:1, instance:TestCases.verifyToolTipExample@523884b2]" name="verifyToolTipText_Case1" duration-ms="4" started-at="2016-06-22T11:33:30Z" finished-at="2016-06-22T11:33:30Z">
          <reporter-output>
          </reporter-output>
        </test-method> <!-- verifyToolTipText_Case1 -->
        <test-method status="SKIP" signature="closeBrowser()[pri:0, instance:TestCases.verifyToolTipExample@523884b2]" name="closeBrowser" is-config="true" duration-ms="0" started-at="2016-06-22T11:33:30Z" finished-at="2016-06-22T11:33:30Z">
          <reporter-output>
          </reporter-output>
        </test-method> <!-- closeBrowser -->
        <test-method status="SKIP" signature="launchWebPage()[pri:0, instance:TestCases.verifyToolTipExample@523884b2]" name="launchWebPage" is-config="true" duration-ms="0" started-at="2016-06-22T11:33:30Z" finished-at="2016-06-22T11:33:30Z">
          <reporter-output>
          </reporter-output>
        </test-method> <!-- launchWebPage -->
        <test-method status="SKIP" signature="verifyToolTipText_Case2()[pri:2, instance:TestCases.verifyToolTipExample@523884b2]" name="verifyToolTipText_Case2" duration-ms="0" started-at="2016-06-22T11:33:30Z" finished-at="2016-06-22T11:33:30Z">
          <reporter-output>
          </reporter-output>
        </test-method> <!-- verifyToolTipText_Case2 -->
        <test-method status="SKIP" signature="closeBrowser()[pri:0, instance:TestCases.verifyToolTipExample@523884b2]" name="closeBrowser" is-config="true" duration-ms="0" started-at="2016-06-22T11:33:30Z" finished-at="2016-06-22T11:33:30Z">
          <reporter-output>
          </reporter-output>
        </test-method> <!-- closeBrowser -->
      </class> <!-- TestCases.verifyToolTipExample -->
    </test> <!-- verifyToolTipExample.xml -->
  </suite> <!-- Suite -->
</testng-results>
