<?xml version="1.0" encoding="UTF-8"?>
<!-- Generated by org.testng.reporters.JUnitXMLReporter -->
<testsuite hostname="vensakp51" name="Test" tests="2" failures="0" timestamp="7 Jun 2016 13:22:05 GMT" time="95.506" errors="0">
  <testcase name="redditUserLogin_UsingChrome" time="40.744" classname="readDataFromPropertiesFile.RedditLogin_UsingChrome"/>
  <testcase name="redditUserLogin_UsingFirefox" time="53.863" classname="readDataFromPropertiesFile.RedditLogin_UsingFirefox"/>
</testsuite> <!-- Test -->
