<?xml version="1.0" encoding="UTF-8"?>
<!-- Generated by org.testng.reporters.JUnitXMLReporter -->
<testsuite hostname="vensakp51" name="verifyToolTipExample.xml" tests="2" failures="0" timestamp="22 Jun 2016 07:51:36 GMT" time="22.055" errors="0">
  <testcase name="verifyToolTipText_Case1" time="4.747" classname="TestCases.verifyToolTipExample"/>
  <testcase name="verifyToolTipText_Case2" time="12.305" classname="TestCases.verifyToolTipExample"/>
</testsuite> <!-- verifyToolTipExample.xml -->
