<?xml version="1.0" encoding="UTF-8"?>
<!-- Generated by org.testng.reporters.JUnitXMLReporter -->
<testsuite hostname="vensakp51" name="Executing the Tests which resides under TestCases package." tests="2" failures="0" timestamp="3 Jun 2016 10:53:00 GMT" time="20.504" errors="0">
  <testcase name="verifyToolTipText_Case1" time="2.743" classname="TestCases.verifyToolTipExample"/>
  <testcase name="verifyToolTipText_Case2" time="9.299" classname="TestCases.verifyToolTipExample"/>
</testsuite> <!-- Executing the Tests which resides under TestCases package. -->
