<?xml version="1.0" encoding="UTF-8"?>
<!-- Generated by org.testng.reporters.JUnitXMLReporter -->
<testsuite hostname="vensakp51" name="Executing the Tests which resides under TestCases package." tests="2" failures="0" timestamp="3 Jun 2016 10:47:20 GMT" time="12.522" errors="0">
  <testcase name="verifyToolTipText_Case1" time="1.772" classname="TestCases.verifyToolTipExample"/>
  <testcase name="verifyToolTipText_Case2" time="7.332" classname="TestCases.verifyToolTipExample"/>
</testsuite> <!-- Executing the Tests which resides under TestCases package. -->
