<?xml version="1.0" encoding="UTF-8"?>
<testng-results skipped="0" failed="0" total="0" passed="0">
  <reporter-output>
  </reporter-output>
  <suite name="TestNG Test-Suite" duration-ms="5" started-at="2016-06-16T07:31:12Z" finished-at="2016-06-16T07:31:12Z">
    <groups>
    </groups>
    <test name="UploadFileUsingSelenium" duration-ms="5" started-at="2016-06-16T07:31:12Z" finished-at="2016-06-16T07:31:12Z">
    </test> <!-- UploadFileUsingSelenium -->
  </suite> <!-- TestNG Test-Suite -->
</testng-results>
