<?xml version="1.0" encoding="UTF-8"?>
<!-- Generated by org.testng.reporters.JUnitXMLReporter -->
<testsuite hostname="vensakp51" name="Executing the Tests which resides under TestCases package." tests="4" failures="0" timestamp="3 Jun 2016 07:49:42 GMT" time="23.034" errors="0">
  <testcase name="testUtilities" time="0.021" classname="TestCases.UtilityClassesExamples"/>
  <testcase name="readDataFromCSVFile" time="0.003" classname="TestCases.Read_CSV_FileUsingJava"/>
  <testcase name="verifyToolTipText_Case1" time="1.587" classname="TestCases.verifyToolTipExample"/>
  <testcase name="verifyToolTipText_Case2" time="12.032" classname="TestCases.verifyToolTipExample"/>
</testsuite> <!-- Executing the Tests which resides under TestCases package. -->
