<?xml version="1.0" encoding="UTF-8"?>
<!-- Generated by org.testng.reporters.JUnitXMLReporter -->
<testsuite hostname="vensakp51" name="Executing the Tests which resides under TestCases package." tests="5" failures="0" timestamp="3 Jun 2016 10:07:01 GMT" time="23.452" errors="0">
  <testcase name="testUtilities" time="0.01" classname="TestCases.UtilityClassesExamples"/>
  <testcase name="readDataFromCSVFile" time="0.01" classname="TestCases.Read_CSV_FileUsingJava"/>
  <testcase name="verifyToolTipText_Case1" time="3.605" classname="TestCases.verifyToolTipExample"/>
  <testcase name="verifyToolTipText_Case2" time="9.843" classname="TestCases.verifyToolTipExample"/>
  <testcase name="setJDBCConnection" time="0.131" classname="jdbcPrograms.ConnectJDBC"/>
</testsuite> <!-- Executing the Tests which resides under TestCases package. -->
