<?xml version="1.0" encoding="UTF-8"?>
<!-- Generated by org.testng.reporters.JUnitXMLReporter -->
<testsuite hostname="vensakp51" name="TestNG_Groups" tests="3" failures="0" timestamp="31 May 2016 11:22:07 GMT" time="12.084" errors="0">
  <testcase name="testUtilities" time="0.03" classname="TestCases.UtilityClassesExamples"/>
  <testcase name="readDataFromCSVFile" time="0.0" classname="TestCases.Read_CSV_FileUsingJava"/>
  <testcase name="verifyToolTipText_Case1" time="6.862" classname="TestCases.verifyToolTipExample"/>
</testsuite> <!-- TestNG_Groups -->
