<?xml version="1.0" encoding="UTF-8"?>
<!-- Generated by org.testng.reporters.JUnitXMLReporter -->
<testsuite hostname="vensakp51" name="Executing the Tests which resides under TestCases package." tests="2" failures="0" timestamp="3 Jun 2016 10:45:02 GMT" time="24.885" errors="0">
  <testcase name="verifyToolTipText_Case1" time="5.406" classname="TestCases.verifyToolTipExample"/>
  <testcase name="verifyToolTipText_Case2" time="9.584" classname="TestCases.verifyToolTipExample"/>
</testsuite> <!-- Executing the Tests which resides under TestCases package. -->
