<?xml version="1.0" encoding="UTF-8"?>
<!-- Generated by org.testng.reporters.JUnitXMLReporter -->
<testsuite hostname="vensakp51" name="TestNG_TestCases" tests="4" failures="0" timestamp="31 May 2016 10:50:26 GMT" time="22.742" errors="0">
  <testcase name="testUtilities" time="0.03" classname="TestCases.UtilityClassesExamples"/>
  <testcase name="readDataFromCSVFile" time="0.02" classname="TestCases.Read_CSV_FileUsingJava"/>
  <testcase name="verifyToolTipText_Case1" time="1.524" classname="TestCases.verifyToolTipExample"/>
  <testcase name="verifyToolTipText_Case2" time="11.861" classname="TestCases.verifyToolTipExample"/>
</testsuite> <!-- TestNG_TestCases -->
