<?xml version="1.0" encoding="UTF-8"?>
<!-- Generated by org.testng.reporters.JUnitXMLReporter -->
<testsuite hostname="vensakp51" name="TestNG Tests Execution using Preserve-Order Attribute." tests="4" failures="0" timestamp="2 Jun 2016 11:50:57 GMT" time="21.38" errors="0">
  <testcase name="readDataFromCSVFile" time="0.01" classname="TestCases.Read_CSV_FileUsingJava"/>
  <testcase name="testUtilities" time="0.01" classname="TestCases.UtilityClassesExamples"/>
  <testcase name="verifyToolTipText_Case1" time="1.836" classname="TestCases.verifyToolTipExample"/>
  <testcase name="verifyToolTipText_Case2" time="9.335" classname="TestCases.verifyToolTipExample"/>
</testsuite> <!-- TestNG Tests Execution using Preserve-Order Attribute. -->
